<?xml version="1.0" encoding="UTF-8"?>
<testng-results skipped="0" failed="0" total="4" passed="4">
  <reporter-output>
  </reporter-output>
  <suite name="Default suite" duration-ms="123995" started-at="2020-04-16T20:29:10Z" finished-at="2020-04-16T20:31:14Z">
    <groups>
    </groups>
    <test name="Default test" duration-ms="123995" started-at="2020-04-16T20:29:10Z" finished-at="2020-04-16T20:31:14Z">
      <class name="com.training.sanity.tests.SeleniumTestsTC74">
        <test-method status="PASS" signature="setUpBeforeClass()[pri:0, instance:com.training.sanity.tests.SeleniumTestsTC74@47f37ef1]" name="setUpBeforeClass" is-config="true" duration-ms="16" started-at="2020-04-17T01:59:10Z" finished-at="2020-04-17T01:59:10Z">
          <reporter-output>
          </reporter-output>
        </test-method> <!-- setUpBeforeClass -->
        <test-method status="PASS" signature="setUp()[pri:0, instance:com.training.sanity.tests.SeleniumTestsTC74@47f37ef1]" name="setUp" is-config="true" duration-ms="17007" started-at="2020-04-17T01:59:10Z" finished-at="2020-04-17T01:59:27Z">
          <reporter-output>
          </reporter-output>
        </test-method> <!-- setUp -->
        <test-method status="PASS" signature="user(java.lang.String, java.lang.String, java.lang.String, java.lang.String, java.lang.String)[pri:0, instance:com.training.sanity.tests.SeleniumTestsTC74@47f37ef1]" name="user" duration-ms="12212" started-at="2020-04-17T01:59:27Z" data-provider="TestData" finished-at="2020-04-17T01:59:39Z">
          <params>
            <param index="0">
              <value>
                <![CDATA[!@]]>
              </value>
            </param>
            <param index="1">
              <value>
                <![CDATA[]]>
              </value>
            </param>
            <param index="2">
              <value>
                <![CDATA[]]>
              </value>
            </param>
            <param index="3">
              <value>
                <![CDATA[]]>
              </value>
            </param>
            <param index="4">
              <value>
                <![CDATA[]]>
              </value>
            </param>
          </params>
          <reporter-output>
          </reporter-output>
        </test-method> <!-- user -->
        <test-method status="PASS" signature="tearDown()[pri:0, instance:com.training.sanity.tests.SeleniumTestsTC74@47f37ef1]" name="tearDown" is-config="true" duration-ms="1772" started-at="2020-04-17T01:59:39Z" finished-at="2020-04-17T01:59:41Z">
          <reporter-output>
          </reporter-output>
        </test-method> <!-- tearDown -->
        <test-method status="PASS" signature="setUp()[pri:0, instance:com.training.sanity.tests.SeleniumTestsTC74@47f37ef1]" name="setUp" is-config="true" duration-ms="15451" started-at="2020-04-17T01:59:41Z" finished-at="2020-04-17T01:59:57Z">
          <reporter-output>
          </reporter-output>
        </test-method> <!-- setUp -->
        <test-method status="PASS" signature="user(java.lang.String, java.lang.String, java.lang.String, java.lang.String, java.lang.String)[pri:0, instance:com.training.sanity.tests.SeleniumTestsTC74@47f37ef1]" name="user" duration-ms="12058" started-at="2020-04-17T01:59:57Z" data-provider="TestData" finished-at="2020-04-17T02:00:09Z">
          <params>
            <param index="0">
              <value>
                <![CDATA[BL]]>
              </value>
            </param>
            <param index="1">
              <value>
                <![CDATA[asd#@!#]]>
              </value>
            </param>
            <param index="2">
              <value>
                <![CDATA[]]>
              </value>
            </param>
            <param index="3">
              <value>
                <![CDATA[]]>
              </value>
            </param>
            <param index="4">
              <value>
                <![CDATA[]]>
              </value>
            </param>
          </params>
          <reporter-output>
          </reporter-output>
        </test-method> <!-- user -->
        <test-method status="PASS" signature="tearDown()[pri:0, instance:com.training.sanity.tests.SeleniumTestsTC74@47f37ef1]" name="tearDown" is-config="true" duration-ms="1759" started-at="2020-04-17T02:00:09Z" finished-at="2020-04-17T02:00:10Z">
          <reporter-output>
          </reporter-output>
        </test-method> <!-- tearDown -->
        <test-method status="PASS" signature="setUp()[pri:0, instance:com.training.sanity.tests.SeleniumTestsTC74@47f37ef1]" name="setUp" is-config="true" duration-ms="15235" started-at="2020-04-17T02:00:10Z" finished-at="2020-04-17T02:00:26Z">
          <reporter-output>
          </reporter-output>
        </test-method> <!-- setUp -->
        <test-method status="PASS" signature="user(java.lang.String, java.lang.String, java.lang.String, java.lang.String, java.lang.String)[pri:0, instance:com.training.sanity.tests.SeleniumTestsTC74@47f37ef1]" name="user" duration-ms="13490" started-at="2020-04-17T02:00:26Z" data-provider="TestData" finished-at="2020-04-17T02:00:39Z">
          <params>
            <param index="0">
              <value>
                <![CDATA[BL]]>
              </value>
            </param>
            <param index="1">
              <value>
                <![CDATA[Blended Learning]]>
              </value>
            </param>
            <param index="2">
              <value>
                <![CDATA[!@##!@]]>
              </value>
            </param>
            <param index="3">
              <value>
                <![CDATA[]]>
              </value>
            </param>
            <param index="4">
              <value>
                <![CDATA[]]>
              </value>
            </param>
          </params>
          <reporter-output>
          </reporter-output>
        </test-method> <!-- user -->
        <test-method status="PASS" signature="tearDown()[pri:0, instance:com.training.sanity.tests.SeleniumTestsTC74@47f37ef1]" name="tearDown" is-config="true" duration-ms="1753" started-at="2020-04-17T02:00:39Z" finished-at="2020-04-17T02:00:41Z">
          <reporter-output>
          </reporter-output>
        </test-method> <!-- tearDown -->
        <test-method status="PASS" signature="setUp()[pri:0, instance:com.training.sanity.tests.SeleniumTestsTC74@47f37ef1]" name="setUp" is-config="true" duration-ms="15391" started-at="2020-04-17T02:00:41Z" finished-at="2020-04-17T02:00:56Z">
          <reporter-output>
          </reporter-output>
        </test-method> <!-- setUp -->
        <test-method status="PASS" signature="user(java.lang.String, java.lang.String, java.lang.String, java.lang.String, java.lang.String)[pri:0, instance:com.training.sanity.tests.SeleniumTestsTC74@47f37ef1]" name="user" duration-ms="15874" started-at="2020-04-17T02:00:56Z" data-provider="TestData" finished-at="2020-04-17T02:01:12Z">
          <params>
            <param index="0">
              <value>
                <![CDATA[BL331]]>
              </value>
            </param>
            <param index="1">
              <value>
                <![CDATA[Blended Learning]]>
              </value>
            </param>
            <param index="2">
              <value>
                <![CDATA[Selenium]]>
              </value>
            </param>
            <param index="3">
              <value>
                <![CDATA[331]]>
              </value>
            </param>
            <param index="4">
              <value>
                <![CDATA[]]>
              </value>
            </param>
          </params>
          <reporter-output>
          </reporter-output>
        </test-method> <!-- user -->
        <test-method status="PASS" signature="tearDown()[pri:0, instance:com.training.sanity.tests.SeleniumTestsTC74@47f37ef1]" name="tearDown" is-config="true" duration-ms="1793" started-at="2020-04-17T02:01:12Z" finished-at="2020-04-17T02:01:14Z">
          <reporter-output>
          </reporter-output>
        </test-method> <!-- tearDown -->
      </class> <!-- com.training.sanity.tests.SeleniumTestsTC74 -->
    </test> <!-- Default test -->
  </suite> <!-- Default suite -->
</testng-results>
