<?xml version="1.0" encoding="UTF-8"?>
<testng-results skipped="0" failed="0" total="1" passed="1">
  <reporter-output>
  </reporter-output>
  <suite name="Default suite" duration-ms="77347" started-at="2020-04-05T14:09:30Z" finished-at="2020-04-05T14:10:47Z">
    <groups>
    </groups>
    <test name="Default test" duration-ms="77347" started-at="2020-04-05T14:09:30Z" finished-at="2020-04-05T14:10:47Z">
      <class name="com.training.sanity.tests.SeleniumProjectTC43">
        <test-method status="PASS" signature="setUpBeforeClass()[pri:0, instance:com.training.sanity.tests.SeleniumProjectTC43@ea4a92b]" name="setUpBeforeClass" is-config="true" duration-ms="22" started-at="2020-04-05T19:39:30Z" finished-at="2020-04-05T19:39:30Z">
          <reporter-output>
          </reporter-output>
        </test-method> <!-- setUpBeforeClass -->
        <test-method status="PASS" signature="setUp()[pri:0, instance:com.training.sanity.tests.SeleniumProjectTC43@ea4a92b]" name="setUp" is-config="true" duration-ms="16825" started-at="2020-04-05T19:39:30Z" finished-at="2020-04-05T19:39:46Z">
          <reporter-output>
          </reporter-output>
        </test-method> <!-- setUp -->
        <test-method status="PASS" signature="UploadAssigment()[pri:0, instance:com.training.sanity.tests.SeleniumProjectTC43@ea4a92b]" name="UploadAssigment" duration-ms="54554" started-at="2020-04-05T19:39:46Z" finished-at="2020-04-05T19:40:41Z">
          <reporter-output>
          </reporter-output>
        </test-method> <!-- UploadAssigment -->
        <test-method status="PASS" signature="tearDown()[pri:0, instance:com.training.sanity.tests.SeleniumProjectTC43@ea4a92b]" name="tearDown" is-config="true" duration-ms="5925" started-at="2020-04-05T19:40:41Z" finished-at="2020-04-05T19:40:47Z">
          <reporter-output>
          </reporter-output>
        </test-method> <!-- tearDown -->
      </class> <!-- com.training.sanity.tests.SeleniumProjectTC43 -->
    </test> <!-- Default test -->
  </suite> <!-- Default suite -->
</testng-results>
