<?xml version="1.0" encoding="UTF-8"?>
<!-- Generated by org.testng.reporters.JUnitXMLReporter -->
<testsuite hostname="DESKTOP-NHBIKLJ" name="Default test" tests="4" failures="0" timestamp="16 Apr 2020 20:31:14 GMT" time="123.995" errors="0">
  <testcase name="user" time="12.212" classname="com.training.sanity.tests.SeleniumTestsTC74"/>
  <testcase name="user" time="12.058" classname="com.training.sanity.tests.SeleniumTestsTC74"/>
  <testcase name="user" time="13.49" classname="com.training.sanity.tests.SeleniumTestsTC74"/>
  <testcase name="user" time="15.874" classname="com.training.sanity.tests.SeleniumTestsTC74"/>
</testsuite> <!-- Default test -->
