<?xml version="1.0" encoding="UTF-8"?>
<!-- Generated by org.testng.reporters.JUnitXMLReporter -->
<testsuite hostname="DESKTOP-NHBIKLJ" name="Default test" tests="4" failures="0" timestamp="16 Apr 2020 20:20:37 GMT" time="125.756" errors="0">
  <testcase name="user" time="14.025" classname="com.training.sanity.tests.SeleniumTestsTC75"/>
  <testcase name="user" time="13.6" classname="com.training.sanity.tests.SeleniumTestsTC75"/>
  <testcase name="user" time="14.123" classname="com.training.sanity.tests.SeleniumTestsTC75"/>
  <testcase name="user" time="13.857" classname="com.training.sanity.tests.SeleniumTestsTC75"/>
</testsuite> <!-- Default test -->
